<?xml version="1.0" encoding="UTF-8"?>
<testsuite name="util.DataSetUtilTest" tests="3" skipped="0" failures="0" errors="0" timestamp="2022-05-20T12:50:19" hostname="DESKTOP-GK5I9BP" time="3.032">
  <properties/>
  <testcase name="addTest()" classname="util.DataSetUtilTest" time="1.008"/>
  <testcase name="getListTest()" classname="util.DataSetUtilTest" time="1.009"/>
  <testcase name="addListTest()" classname="util.DataSetUtilTest" time="1.014"/>
  <system-out><![CDATA[]]></system-out>
  <system-err><![CDATA[]]></system-err>
</testsuite>
