<?xml version="1.0" encoding="UTF-8"?>
<testsuite name="util.JsonParserUtilTest" tests="2" skipped="0" failures="0" errors="0" timestamp="2022-05-20T12:50:22" hostname="DESKTOP-GK5I9BP" time="0.284">
  <properties/>
  <testcase name="parseJsonToWifiInfo()" classname="util.JsonParserUtilTest" time="0.19"/>
  <testcase name="parseStrToJsonObject()" classname="util.JsonParserUtilTest" time="0.094"/>
  <system-out><![CDATA[]]></system-out>
  <system-err><![CDATA[]]></system-err>
</testsuite>
