<?xml version="1.0" encoding="UTF-8"?>
<testsuite name="http.HttpSenderTest" tests="1" skipped="0" failures="0" errors="0" timestamp="2022-05-20T12:50:18" hostname="DESKTOP-GK5I9BP" time="0.4">
  <properties/>
  <testcase name="sendHttpRequestTest()" classname="http.HttpSenderTest" time="0.4"/>
  <system-out><![CDATA[]]></system-out>
  <system-err><![CDATA[]]></system-err>
</testsuite>
